ERROR:__main__:HTTP 500 Internal Server Error
ERROR:__main__:HTTP 400 Bad Request
ERROR:__main__:HTTP 404 Not Found
ERROR:__main__:INFO message
ERROR:__main__:HTTP 403 Forbidden
ERROR:__main__:HTTP 403 Forbidden
ERROR:__main__:ERROR message
ERROR:__main__:HTTP 500 Internal Server Error
ERROR:__main__:INFO message
ERROR:__main__:ERROR message
ERROR:__main__:HTTP 403 Forbidden
ERROR:__main__:ERROR message
ERROR:__main__:HTTP 403 Forbidden
ERROR:__main__:INFO message
ERROR:__main__:HTTP 403 Forbidden
ERROR:__main__:HTTP 500 Internal Server Error
ERROR:__main__:ERROR message
ERROR:__main__:HTTP 404 Not Found
ERROR:__main__:ERROR message
ERROR:__main__:HTTP 403 Forbidden
ERROR:__main__:HTTP 404 Not Found
ERROR:__main__:HTTP 403 Forbidden
ERROR:__main__:ERROR message
ERROR:__main__:HTTP 403 Forbidden
INFO:__main__:INFO message
INFO:__main__:INFO message
ERROR:__main__:ERROR message
ERROR:__main__:HTTP 404 Not Found
DEBUG:__main__:DEBUG message
DEBUG:__main__:DEBUG message
ERROR:__main__:ERROR message
ERROR:__main__:HTTP 500 Internal Server Error
INFO:__main__:INFO message
INFO:__main__:INFO message
INFO:__main__:INFO message
ERROR:__main__:HTTP 403 Forbidden
DEBUG:__main__:DEBUG message
ERROR:__main__:ERROR message
DEBUG:__main__:DEBUG message
ERROR:__main__:INFO message
INFO:__main__:INFO message
DEBUG:__main__:DEBUG message
INFO:__main__:INFO message
ERROR:__main__:HTTP 500 Internal Server Error
DEBUG:__main__:DEBUG message
ERROR:__main__:ERROR message
DEBUG:__main__:DEBUG message
ERROR:__main__:ERROR message
INFO:__main__:INFO message
ERROR:__main__:ERROR message
DEBUG:__main__:DEBUG message
ERROR:__main__:HTTP 500 Internal Server Error
INFO:__main__:INFO message
DEBUG:__main__:DEBUG message
ERROR:__main__:ERROR message
ERROR:__main__:HTTP 400 Bad Request
INFO:__main__:INFO message
INFO:__main__:INFO message
DEBUG:__main__:DEBUG message
ERROR:__main__:HTTP 400 Bad Request
INFO:__main__:INFO message
DEBUG:__main__:DEBUG message
ERROR:__main__:ERROR message
ERROR:__main__:HTTP 500 Internal Server Error
INFO:__main__:INFO message
DEBUG:__main__:DEBUG message
DEBUG:__main__:DEBUG message
ERROR:__main__:HTTP 400 Bad Request
ERROR:__main__:ERROR message
DEBUG:__main__:DEBUG message
DEBUG:__main__:DEBUG message
ERROR:__main__:HTTP 400 Bad Request
INFO:__main__:INFO message
ERROR:__main__:ERROR message
DEBUG:__main__:DEBUG message
ERROR:__main__:INFO message
DEBUG:__main__:DEBUG message
DEBUG:__main__:DEBUG message
DEBUG:__main__:DEBUG message
ERROR:__main__:DEBUG message
INFO:__main__:INFO message
ERROR:__main__:ERROR message
ERROR:__main__:ERROR message
ERROR:__main__:HTTP 400 Bad Request
DEBUG:__main__:DEBUG message
DEBUG:__main__:DEBUG message
INFO:__main__:INFO message
ERROR:__main__:HTTP 403 Forbidden
DEBUG:__main__:DEBUG message
DEBUG:__main__:DEBUG message
INFO:__main__:INFO message
ERROR:__main__:ERROR message
DEBUG:__main__:DEBUG message
INFO:__main__:INFO message
DEBUG:__main__:DEBUG message
ERROR:__main__:DEBUG message
ERROR:__main__:ERROR message
ERROR:__main__:ERROR message
INFO:__main__:INFO message
ERROR:__main__:HTTP 500 Internal Server Error
ERROR:__main__:ERROR message
DEBUG:__main__:DEBUG message
DEBUG:__main__:DEBUG message
ERROR:__main__:HTTP 400 Bad Request
ERROR:__main__:ERROR message
DEBUG:__main__:DEBUG message
ERROR:__main__:ERROR message
ERROR:__main__:HTTP 404 Not Found
INFO:__main__:INFO message
DEBUG:__main__:DEBUG message
INFO:__main__:INFO message
ERROR:__main__:HTTP 404 Not Found
DEBUG:__main__:DEBUG message
INFO:__main__:INFO message
ERROR:__main__:ERROR message
ERROR:__main__:ERROR message
INFO:__main__:INFO message
DEBUG:__main__:DEBUG message
INFO:__main__:INFO message
ERROR:__main__:HTTP 400 Bad Request
DEBUG:__main__:DEBUG message
INFO:__main__:INFO message
DEBUG:__main__:DEBUG message
ERROR:__main__:DEBUG message
DEBUG:__main__:DEBUG message
INFO:__main__:INFO message
INFO:__main__:INFO message
ERROR:__main__:HTTP 404 Not Found
ERROR:__main__:ERROR message
INFO:__main__:INFO message
ERROR:__main__:ERROR message
ERROR:__main__:HTTP 400 Bad Request
DEBUG:__main__:DEBUG message
DEBUG:__main__:DEBUG message
ERROR:__main__:ERROR message
ERROR:__main__:HTTP 404 Not Found
INFO:__main__:INFO message
DEBUG:__main__:DEBUG message
ERROR:__main__:ERROR message
ERROR:__main__:HTTP 500 Internal Server Error
INFO:__main__:INFO message
INFO:__main__:INFO message
INFO:__main__:INFO message
ERROR:__main__:INFO message
DEBUG:__main__:DEBUG message
ERROR:__main__:ERROR message
INFO:__main__:INFO message
ERROR:__main__:HTTP 404 Not Found
INFO:__main__:INFO message
INFO:__main__:INFO message
INFO:__main__:INFO message
ERROR:__main__:ERROR message
INFO:__main__:INFO message
INFO:__main__:INFO message
DEBUG:__main__:DEBUG message
ERROR:__main__:ERROR message
DEBUG:__main__:DEBUG message
DEBUG:__main__:DEBUG message
ERROR:__main__:ERROR message
ERROR:__main__:DEBUG message
DEBUG:__main__:DEBUG message
ERROR:__main__:ERROR message
INFO:__main__:INFO message
ERROR:__main__:HTTP 404 Not Found
DEBUG:__main__:DEBUG message
DEBUG:__main__:DEBUG message
INFO:__main__:INFO message
ERROR:__main__:DEBUG message
INFO:__main__:INFO message
DEBUG:__main__:DEBUG message
INFO:__main__:INFO message
ERROR:__main__:ERROR message
ERROR:__main__:ERROR message
INFO:__main__:INFO message
DEBUG:__main__:DEBUG message
ERROR:__main__:DEBUG message
DEBUG:__main__:DEBUG message
DEBUG:__main__:DEBUG message
ERROR:__main__:HTTP 500 Internal Server Error
ERROR:__main__:ERROR message
ERROR:__main__:ERROR message
ERROR:__main__:ERROR message
ERROR:__main__:DEBUG message
DEBUG:__main__:DEBUG message
DEBUG:__main__:DEBUG message
INFO:__main__:INFO message
ERROR:__main__:HTTP 403 Forbidden
DEBUG:__main__:DEBUG message
INFO:__main__:INFO message
INFO:__main__:INFO message
ERROR:__main__:HTTP 500 Internal Server Error
INFO:__main__:INFO message
ERROR:__main__:ERROR message
DEBUG:__main__:DEBUG message
ERROR:__main__:INFO message
ERROR:__main__:ERROR message
INFO:__main__:INFO message
DEBUG:__main__:DEBUG message
ERROR:__main__:INFO message
INFO:__main__:INFO message
INFO:__main__:INFO message
ERROR:__main__:ERROR message
ERROR:__main__:INFO message
DEBUG:__main__:DEBUG message
ERROR:__main__:ERROR message
DEBUG:__main__:DEBUG message
ERROR:__main__:HTTP 500 Internal Server Error
DEBUG:__main__:DEBUG message
ERROR:__main__:ERROR message
DEBUG:__main__:DEBUG message
INFO:__main__:INFO message
DEBUG:__main__:DEBUG message
ERROR:__main__:HTTP 403 Forbidden
ERROR:__main__:ERROR message
ERROR:__main__:ERROR message
INFO:__main__:INFO message
DEBUG:__main__:DEBUG message
ERROR:__main__:HTTP 404 Not Found
DEBUG:__main__:DEBUG message
INFO:__main__:INFO message
ERROR:__main__:DEBUG message
DEBUG:__main__:DEBUG message
ERROR:__main__:ERROR message
DEBUG:__main__:DEBUG message
ERROR:__main__:DEBUG message
INFO:__main__:INFO message
INFO:__main__:INFO message
ERROR:__main__:ERROR message
ERROR:__main__:INFO message
DEBUG:__main__:DEBUG message
INFO:__main__:INFO message
ERROR:__main__:ERROR message
ERROR:__main__:DEBUG message
ERROR:__main__:ERROR message
DEBUG:__main__:DEBUG message
DEBUG:__main__:DEBUG message
ERROR:__main__:HTTP 500 Internal Server Error
INFO:__main__:INFO message
ERROR:__main__:ERROR message
INFO:__main__:INFO message
ERROR:__main__:INFO message
DEBUG:__main__:DEBUG message
DEBUG:__main__:DEBUG message
ERROR:__main__:ERROR message
ERROR:__main__:DEBUG message
DEBUG:__main__:DEBUG message
DEBUG:__main__:DEBUG message
ERROR:__main__:ERROR message
ERROR:__main__:HTTP 403 Forbidden
ERROR:__main__:ERROR message
ERROR:__main__:ERROR message
INFO:__main__:INFO message
ERROR:__main__:HTTP 404 Not Found
ERROR:__main__:ERROR message
INFO:__main__:INFO message
ERROR:__main__:ERROR message
ERROR:__main__:INFO message
DEBUG:__main__:DEBUG message
ERROR:__main__:ERROR message
ERROR:__main__:ERROR message
ERROR:__main__:INFO message
DEBUG:__main__:DEBUG message
DEBUG:__main__:DEBUG message
ERROR:__main__:ERROR message
ERROR:__main__:HTTP 400 Bad Request
ERROR:__main__:ERROR message
ERROR:__main__:ERROR message
ERROR:__main__:ERROR message
ERROR:__main__:HTTP 400 Bad Request
ERROR:__main__:ERROR message
INFO:__main__:INFO message
INFO:__main__:INFO message
ERROR:__main__:HTTP 404 Not Found
DEBUG:__main__:DEBUG message
INFO:__main__:INFO message
DEBUG:__main__:DEBUG message
ERROR:__main__:HTTP 400 Bad Request
ERROR:__main__:ERROR message
INFO:__main__:INFO message
INFO:__main__:INFO message
ERROR:__main__:ERROR message
DEBUG:__main__:DEBUG message
INFO:__main__:INFO message
DEBUG:__main__:DEBUG message
ERROR:__main__:HTTP 403 Forbidden
ERROR:__main__:ERROR message
ERROR:__main__:ERROR message
DEBUG:__main__:DEBUG message
ERROR:__main__:HTTP 400 Bad Request
ERROR:__main__:ERROR message
INFO:__main__:INFO message
INFO:__main__:INFO message
ERROR:__main__:HTTP 404 Not Found
DEBUG:__main__:DEBUG message
INFO:__main__:INFO message
ERROR:__main__:ERROR message
ERROR:__main__:HTTP 400 Bad Request
INFO:__main__:INFO message
DEBUG:__main__:DEBUG message
DEBUG:__main__:DEBUG message
ERROR:__main__:INFO message
DEBUG:__main__:DEBUG message
INFO:__main__:INFO message
